<?xml version="1.0" encoding="UTF-8"?>
<!-- Generated by org.testng.reporters.JUnitReportReporter -->
<testsuite hostname="IBM-PF3486H6" failures="0" tests="1" name="testPackage.Test_Application" time="36.748" errors="0" timestamp="2022-08-07T20:58:36 IST" skipped="0">
  <testcase classname="testPackage.Test_Application" name="perfromAppTest" time="36.748"/>
  <system-out/>
</testsuite> <!-- testPackage.Test_Application -->
